0 50 50-49-48-47-46-45-44-43-42-41-40-39-38-37-36-35-34-33-32-31-30-29-28-27-26-25-24-23-22-21-20-19-18-17-16-15-14-13-12-11-10-9-8-7-6-5-4-3-2-1-0
1 49 50-49-48-47-46-45-44-43-42-41-40-39-38-37-36-35-34-33-32-31-30-29-28-27-26-25-24-23-22-21-20-19-18-17-16-15-14-13-12-11-10-9-8-7-6-5-4-3-2-1
2 48 50-49-48-47-46-45-44-43-42-41-40-39-38-37-36-35-34-33-32-31-30-29-28-27-26-25-24-23-22-21-20-19-18-17-16-15-14-13-12-11-10-9-8-7-6-5-4-3-2
3 47 50-49-48-47-46-45-44-43-42-41-40-39-38-37-36-35-34-33-32-31-30-29-28-27-26-25-24-23-22-21-20-19-18-17-16-15-14-13-12-11-10-9-8-7-6-5-4-3
4 46 50-49-48-47-46-45-44-43-42-41-40-39-38-37-36-35-34-33-32-31-30-29-28-27-26-25-24-23-22-21-20-19-18-17-16-15-14-13-12-11-10-9-8-7-6-5-4
5 45 50-49-48-47-46-45-44-43-42-41-40-39-38-37-36-35-34-33-32-31-30-29-28-27-26-25-24-23-22-21-20-19-18-17-16-15-14-13-12-11-10-9-8-7-6-5
6 44 50-49-48-47-46-45-44-43-42-41-40-39-38-37-36-35-34-33-32-31-30-29-28-27-26-25-24-23-22-21-20-19-18-17-16-15-14-13-12-11-10-9-8-7-6
7 43 50-49-48-47-46-45-44-43-42-41-40-39-38-37-36-35-34-33-32-31-30-29-28-27-26-25-24-23-22-21-20-19-18-17-16-15-14-13-12-11-10-9-8-7
8 42 50-49-48-47-46-45-44-43-42-41-40-39-38-37-36-35-34-33-32-31-30-29-28-27-26-25-24-23-22-21-20-19-18-17-16-15-14-13-12-11-10-9-8
9 41 50-49-48-47-46-45-44-43-42-41-40-39-38-37-36-35-34-33-32-31-30-29-28-27-26-25-24-23-22-21-20-19-18-17-16-15-14-13-12-11-10-9
10 40 50-49-48-47-46-45-44-43-42-41-40-39-38-37-36-35-34-33-32-31-30-29-28-27-26-25-24-23-22-21-20-19-18-17-16-15-14-13-12-11-10
11 39 50-49-48-47-46-45-44-43-42-41-40-39-38-37-36-35-34-33-32-31-30-29-28-27-26-25-24-23-22-21-20-19-18-17-16-15-14-13-12-11
12 38 50-49-48-47-46-45-44-43-42-41-40-39-38-37-36-35-34-33-32-31-30-29-28-27-26-25-24-23-22-21-20-19-18-17-16-15-14-13-12
13 37 50-49-48-47-46-45-44-43-42-41-40-39-38-37-36-35-34-33-32-31-30-29-28-27-26-25-24-23-22-21-20-19-18-17-16-15-14-13
14 36 50-49-48-47-46-45-44-43-42-41-40-39-38-37-36-35-34-33-32-31-30-29-28-27-26-25-24-23-22-21-20-19-18-17-16-15-14
15 35 50-49-48-47-46-45-44-43-42-41-40-39-38-37-36-35-34-33-32-31-30-29-28-27-26-25-24-23-22-21-20-19-18-17-16-15
16 34 50-49-48-47-46-45-44-43-42-41-40-39-38-37-36-35-34-33-32-31-30-29-28-27-26-25-24-23-22-21-20-19-18-17-16
17 33 50-49-48-47-46-45-44-43-42-41-40-39-38-37-36-35-34-33-32-31-30-29-28-27-26-25-24-23-22-21-20-19-18-17
18 32 50-49-48-47-46-45-44-43-42-41-40-39-38-37-36-35-34-33-32-31-30-29-28-27-26-25-24-23-22-21-20-19-18
19 31 50-49-48-47-46-45-44-43-42-41-40-39-38-37-36-35-34-33-32-31-30-29-28-27-26-25-24-23-22-21-20-19
20 30 50-49-48-47-46-45-44-43-42-41-40-39-38-37-36-35-34-33-32-31-30-29-28-27-26-25-24-23-22-21-20
21 29 50-49-48-47-46-45-44-43-42-41-40-39-38-37-36-35-34-33-32-31-30-29-28-27-26-25-24-23-22-21
22 28 50-49-48-47-46-45-44-43-42-41-40-39-38-37-36-35-34-33-32-31-30-29-28-27-26-25-24-23-22
23 27 50-49-48-47-46-45-44-43-42-41-40-39-38-37-36-35-34-33-32-31-30-29-28-27-26-25-24-23
24 26 50-49-48-47-46-45-44-43-42-41-40-39-38-37-36-35-34-33-32-31-30-29-28-27-26-25-24
25 25 50-49-48-47-46-45-44-43-42-41-40-39-38-37-36-35-34-33-32-31-30-29-28-27-26-25
26 24 50-49-48-47-46-45-44-43-42-41-40-39-38-37-36-35-34-33-32-31-30-29-28-27-26
27 23 50-49-48-47-46-45-44-43-42-41-40-39-38-37-36-35-34-33-32-31-30-29-28-27
28 22 50-49-48-47-46-45-44-43-42-41-40-39-38-37-36-35-34-33-32-31-30-29-28
29 21 50-49-48-47-46-45-44-43-42-41-40-39-38-37-36-35-34-33-32-31-30-29
30 20 50-49-48-47-46-45-44-43-42-41-40-39-38-37-36-35-34-33-32-31-30
31 19 50-49-48-47-46-45-44-43-42-41-40-39-38-37-36-35-34-33-32-31
32 18 50-49-48-47-46-45-44-43-42-41-40-39-38-37-36-35-34-33-32
33 17 50-49-48-47-46-45-44-43-42-41-40-39-38-37-36-35-34-33
34 16 50-49-48-47-46-45-44-43-42-41-40-39-38-37-36-35-34
35 15 50-49-48-47-46-45-44-43-42-41-40-39-38-37-36-35
36 14 50-49-48-47-46-45-44-43-42-41-40-39-38-37-36
37 13 50-49-48-47-46-45-44-43-42-41-40-39-38-37
38 12 50-49-48-47-46-45-44-43-42-41-40-39-38
39 11 50-49-48-47-46-45-44-43-42-41-40-39
40 10 50-49-48-47-46-45-44-43-42-41-40
41 9 50-49-48-47-46-45-44-43-42-41
42 8 50-49-48-47-46-45-44-43-42
43 7 50-49-48-47-46-45-44-43
44 6 50-49-48-47-46-45-44
45 5 50-49-48-47-46-45
46 4 50-49-48-47-46
47 3 50-49-48-47
48 2 50-49-48
49 1 50-49
50 0 50
51 1 50-51
52 2 50-51-52
53 3 50-51-52-53
54 4 50-51-52-53-54
55 5 50-51-52-53-54-55
56 6 50-51-52-53-54-55-56
57 7 50-51-52-53-54-55-56-57
58 8 50-51-52-53-54-55-56-57-58
59 9 50-51-52-53-54-55-56-57-58-59
60 10 50-51-52-53-54-55-56-57-58-59-60
61 11 50-51-52-53-54-55-56-57-58-59-60-61
62 12 50-51-52-53-54-55-56-57-58-59-60-61-62
63 13 50-51-52-53-54-55-56-57-58-59-60-61-62-63
64 14 50-51-52-53-54-55-56-57-58-59-60-61-62-63-64
65 15 50-51-52-53-54-55-56-57-58-59-60-61-62-63-64-65
66 16 50-51-52-53-54-55-56-57-58-59-60-61-62-63-64-65-66
67 17 50-51-52-53-54-55-56-57-58-59-60-61-62-63-64-65-66-67
68 18 50-51-52-53-54-55-56-57-58-59-60-61-62-63-64-65-66-67-68
69 19 50-51-52-53-54-55-56-57-58-59-60-61-62-63-64-65-66-67-68-69
70 20 50-51-52-53-54-55-56-57-58-59-60-61-62-63-64-65-66-67-68-69-70
71 21 50-51-52-53-54-55-56-57-58-59-60-61-62-63-64-65-66-67-68-69-70-71
72 22 50-51-52-53-54-55-56-57-58-59-60-61-62-63-64-65-66-67-68-69-70-71-72
73 23 50-51-52-53-54-55-56-57-58-59-60-61-62-63-64-65-66-67-68-69-70-71-72-73
74 24 50-51-52-53-54-55-56-57-58-59-60-61-62-63-64-65-66-67-68-69-70-71-72-73-74
75 23 50-49-48-95-94-93-92-91-90-89-88-87-86-85-84-83-82-81-80-79-78-77-76-75
76 22 50-49-48-95-94-93-92-91-90-89-88-87-86-85-84-83-82-81-80-79-78-77-76
77 21 50-49-48-95-94-93-92-91-90-89-88-87-86-85-84-83-82-81-80-79-78-77
78 20 50-49-48-95-94-93-92-91-90-89-88-87-86-85-84-83-82-81-80-79-78
79 19 50-49-48-95-94-93-92-91-90-89-88-87-86-85-84-83-82-81-80-79
80 18 50-49-48-95-94-93-92-91-90-89-88-87-86-85-84-83-82-81-80
81 17 50-49-48-95-94-93-92-91-90-89-88-87-86-85-84-83-82-81
82 16 50-49-48-95-94-93-92-91-90-89-88-87-86-85-84-83-82
83 15 50-49-48-95-94-93-92-91-90-89-88-87-86-85-84-83
84 14 50-49-48-95-94-93-92-91-90-89-88-87-86-85-84
85 13 50-49-48-95-94-93-92-91-90-89-88-87-86-85
86 12 50-49-48-95-94-93-92-91-90-89-88-87-86
87 11 50-49-48-95-94-93-92-91-90-89-88-87
88 10 50-49-48-95-94-93-92-91-90-89-88
89 9 50-49-48-95-94-93-92-91-90-89
90 8 50-49-48-95-94-93-92-91-90
91 7 50-49-48-95-94-93-92-91
92 6 50-49-48-95-94-93-92
93 5 50-49-48-95-94-93
94 4 50-49-48-95-94
95 3 50-49-48-95
96 4 50-49-48-95-96
97 5 50-49-48-95-96-97
98 6 50-49-48-95-96-97-98
99 7 50-49-48-95-96-97-98-99
100 8 50-49-48-95-96-97-98-99-100
