0 0 -1
1 334 79
2 2721 99
3 753 70
4 1558 74
5 702 53
6 2158 15
7 1439 90
8 471 34
9 1035 25
10 1327 42
11 1776 50
12 506 48
13 309 27
14 50 21
15 202 1
16 847 94
17 751 31
18 2349 4
19 366 17
20 280 44
21 1025 8
22 1401 99
23 735 44
24 2293 5
25 1085 61
26 479 30
27 1173 33
28 486 60
29 1138 93
30 540 73
31 771 12
32 3384 68
33 22 95
34 1046 42
35 2164 47
36 2930 72
37 415 95
38 1115 78
39 400 25
40 828 38
41 2001 45
42 232 62
43 1411 68
44 375 26
45 958 89
46 999 73
47 869 0
48 255 23
49 1844 74
50 1127 42
51 1072 42
52 711 67
53 198 15
54 1210 65
55 2774 46
56 1466 91
57 1357 44
58 438 40
59 1801 71
60 1838 59
61 1408 33
62 477 89
63 1391 74
64 2457 0
65 1619 99
66 965 57
67 763 34
68 270 44
69 2245 21
70 54 51
71 689 97
72 1948 84
73 642 34
74 947 93
75 2111 50
76 330 62
77 314 1
78 1189 12
79 651 64
80 43 76
81 3167 12
82 893 1
83 370 67
84 1610 8
85 4047 60
86 1588 80
87 2589 10
88 1437 94
89 647 37
90 433 27
91 53 44
92 2375 42
93 1664 86
94 1089 54
95 107 77
96 2027 44
97 817 56
98 823 56
99 593 93
113142
